<?xml version="1.0" encoding="UTF-8"?>
<!DOCTYPE Rule PUBLIC "sailpoint.dtd" "sailpoint.dtd">
<Rule language="beanshell" name="Test-Rushi-Rule-ADP-Call">
  <ReferencedRules>
    <Reference class="sailpoint.object.Rule" name="Test-Rushi-Rule-ADP"/>
  </ReferencedRules>
  <Source><![CDATA[    

  String token = getToken();

  return token;


  ]]></Source>
</Rule>
